#
# A fatal error has been detected by the Java Runtime Environment:
#
#  EXCEPTION_ACCESS_VIOLATION (0xc0000005) at pc=0x00007fff6e9b95e3, pid=2360, tid=4216
#
# JRE version: OpenJDK Runtime Environment (11.0.11+9) (build 11.0.11+9-b60-7590822)
# Java VM: OpenJDK 64-Bit Server VM (11.0.11+9-b60-7590822, mixed mode, tiered, compressed oops, g1 gc, windows-amd64)
# Problematic frame:
# V  [jvm.dll+0x1895e3]
#
# No core dump will be written. Minidumps are not enabled by default on client versions of Windows
#
# If you would like to submit a bug report, please visit:
#   https://bugreport.java.com/bugreport/crash.jsp
#

---------------  S U M M A R Y ------------

Command Line: --add-opens=java.base/java.util=ALL-UNNAMED --add-opens=java.base/java.lang=ALL-UNNAMED --add-opens=java.base/java.lang.invoke=ALL-UNNAMED --add-opens=java.base/java.util=ALL-UNNAMED --add-opens=java.prefs/java.util.prefs=ALL-UNNAMED --add-opens=java.prefs/java.util.prefs=ALL-UNNAMED --add-opens=java.base/java.nio.charset=ALL-UNNAMED --add-opens=java.base/java.net=ALL-UNNAMED --add-opens=java.base/java.util.concurrent.atomic=ALL-UNNAMED -Xmx2048m -Dfile.encoding=UTF-8 -Duser.country=US -Duser.language=en -Duser.variant org.gradle.launcher.daemon.bootstrap.GradleDaemon 7.2

Host: Intel(R) Core(TM) i5-4200U CPU @ 1.60GHz, 4 cores, 7G,  Windows 10 , 64 bit Build 19041 (10.0.19041.1)
Time: Wed Mar  2 16:04:32 2022 SE Asia Standard Time elapsed time: 14.499247 seconds (0d 0h 0m 14s)

---------------  T H R E A D  ---------------

Current thread (0x000002120d04e000):  JavaThread "C2 CompilerThread1" daemon [_thread_in_native, id=4216, stack(0x00000074aea00000,0x00000074aeb00000)]


Current CompileTask:
C2:  14499 5444  s    4       java.util.jar.JarFile::getInputStream (72 bytes)

Stack: [0x00000074aea00000,0x00000074aeb00000],  sp=0x00000074aeafc2c8,  free space=1008k
Native frames: (J=compiled Java code, j=interpreted, Vv=VM code, C=native code)
V  [jvm.dll+0x1895e3]


siginfo: EXCEPTION_ACCESS_VIOLATION (0xc0000005), reading address 0x0000000000000208


Register to memory mapping:

RIP=0x00007fff6e9b95e3 jvm.dll
RAX=0x0000000000000200 is an unknown value
RBX=0x000000000000000a is an unknown value
RCX=0x0000000000000200 is an unknown value
RDX=0x0000000000000060 is an unknown value
RSP=0x00000074aeafc2c8 is pointing into the stack for thread: 0x000002120d04e000
RBP=0x00000074aeafc3d0 is pointing into the stack for thread: 0x000002120d04e000
RSI=0x00000074aeafc910 is pointing into the stack for thread: 0x000002120d04e000
RDI=0x0000000000000001 is an unknown value
R8 =0x0000021208bfe440 points into unknown readable memory: 0x0000c00000000000 | 00 00 00 00 00 c0 00 00
R9 =0x00000074aeafc260 is pointing into the stack for thread: 0x000002120d04e000
R10=0x000000000000000c is an unknown value
R11=0x0000000055555555 is an unknown value
R12=0x0 is NULL
R13=0x00000212096e04f0 points into unknown readable memory: 0x00007fff6efd6908 | 08 69 fd 6e ff 7f 00 00
R14=0x0000021206eff6f0 points into unknown readable memory: 0x00007fff6f01c5e8 | e8 c5 01 6f ff 7f 00 00
R15=0x000000000000001a is an unknown value


Registers:
RAX=0x0000000000000200, RBX=0x000000000000000a, RCX=0x0000000000000200, RDX=0x0000000000000060
RSP=0x00000074aeafc2c8, RBP=0x00000074aeafc3d0, RSI=0x00000074aeafc910, RDI=0x0000000000000001
R8 =0x0000021208bfe440, R9 =0x00000074aeafc260, R10=0x000000000000000c, R11=0x0000000055555555
R12=0x0000000000000000, R13=0x00000212096e04f0, R14=0x0000021206eff6f0, R15=0x000000000000001a
RIP=0x00007fff6e9b95e3, EFLAGS=0x0000000000010206

Top of Stack: (sp=0x00000074aeafc2c8)
0x00000074aeafc2c8:   00007fff6eb82c31 00000074aeafc910
0x00000074aeafc2d8:   0000000000000001 00000212096e05f8
0x00000074aeafc2e8:   0000000000000001 00000074aeafc328
0x00000074aeafc2f8:   0000007400000006 0000007400000000
0x00000074aeafc308:   0000001a00000001 0000000d0000000a
0x00000074aeafc318:   0000000000000000 0000000a0000000a
0x00000074aeafc328:   0000001000000000 0000000e00000020
0x00000074aeafc338:   00007fff00000000 000001e500000019
0x00000074aeafc348:   0000021200000001 0000000000000060
0x00000074aeafc358:   00007fff00200000 000002120000000f
0x00000074aeafc368:   00000074aeafc370 0000021208bfe4a0
0x00000074aeafc378:   00007fff6f22cf18 00007fff6f22cf18
0x00000074aeafc388:   0000021208bfe480 00007fff6f22cf18
0x00000074aeafc398:   00007fff6f22cf18 0000021208bfe460
0x00000074aeafc3a8:   00007fff6f22cf18 00007fff6f22cf18
0x00000074aeafc3b8:   0000021208bfe440 00007fff6f22cf18 

Instructions: (pc=0x00007fff6e9b95e3)
0x00007fff6e9b94e3:   06 b8 01 00 00 00 c3 33 c0 c3 cc cc cc 48 8b 42
0x00007fff6e9b94f3:   58 48 39 41 58 75 33 48 8b 42 40 48 39 41 40 75
0x00007fff6e9b9503:   29 48 8b 41 78 4c 8b 42 78 4c 2b c0 90 0f b6 10
0x00007fff6e9b9513:   42 0f b6 0c 00 2b d1 75 07 48 ff c0 85 c9 75 ed
0x00007fff6e9b9523:   85 d2 75 06 b8 01 00 00 00 c3 33 c0 c3 48 8b 52
0x00007fff6e9b9533:   38 33 c0 48 39 51 38 0f 94 c0 c3 cc cc 40 53 48
0x00007fff6e9b9543:   83 ec 20 48 8b d9 48 8b ca e8 6f e1 01 00 48 85
0x00007fff6e9b9553:   c0 74 38 44 0f b6 40 08 45 84 c0 75 2e 83 78 58
0x00007fff6e9b9563:   00 76 0b 48 8b 48 60 8b 11 83 e2 01 75 16 45 84
0x00007fff6e9b9573:   c0 75 18 83 78 38 00 76 12 48 8b 40 40 8b 08 83
0x00007fff6e9b9583:   e1 01 74 07 c6 83 82 00 00 00 01 48 83 c4 20 5b
0x00007fff6e9b9593:   c3 cc cc cc cc cc cc cc cc cc cc cc cc 33 c0 48
0x00007fff6e9b95a3:   85 c9 74 22 66 0f 1f 84 00 00 00 00 00 8b 51 20
0x00007fff6e9b95b3:   2b 51 14 2b 51 0c 03 51 1c 03 51 10 48 8b 09 03
0x00007fff6e9b95c3:   c2 48 85 c9 75 e7 c3 cc cc cc cc cc cc 8b 41 1c
0x00007fff6e9b95d3:   c3 cc cc cc cc cc cc cc cc cc cc cc cc 48 8b c1
0x00007fff6e9b95e3:   8b 49 08 ff c9 85 c9 7e 0d 0f 1f 40 00 48 8b 00
0x00007fff6e9b95f3:   ff c9 85 c9 7f f7 8b 40 0c c3 cc cc cc 48 8b 42
0x00007fff6e9b9603:   10 4c 8b d1 4c 8b 98 38 02 00 00 41 8b 53 18 45
0x00007fff6e9b9613:   8b 43 1c 41 3b d0 73 2a 4d 8b 4b 08 90 8b c2 49
0x00007fff6e9b9623:   8b 0c c1 49 3b ca 74 0d 48 85 c9 74 15 ff c2 41
0x00007fff6e9b9633:   3b d0 72 e9 c3 83 fa ff 74 08 49 8b cb e9 bb 91
0x00007fff6e9b9643:   44 00 c3 cc cc cc cc cc cc cc cc cc cc 48 89 5c
0x00007fff6e9b9653:   24 08 57 48 83 ec 20 48 8b d9 48 8b ca e8 3b 92
0x00007fff6e9b9663:   44 00 48 8b cb 48 8b f8 e8 30 92 44 00 48 8b 5c
0x00007fff6e9b9673:   24 30 48 3b c7 0f 94 c0 48 83 c4 20 5f c3 cc cc
0x00007fff6e9b9683:   cc cc cc cc cc cc cc cc cc cc cc cc cc 48 89 74
0x00007fff6e9b9693:   24 20 41 54 41 56 41 57 48 83 ec 20 45 33 e4 48
0x00007fff6e9b96a3:   8b f2 4c 89 22 4c 89 62 08 4c 89 62 18 4c 89 62
0x00007fff6e9b96b3:   30 4c 89 62 20 4c 89 62 10 4c 89 62 28 4c 89 62
0x00007fff6e9b96c3:   38 4c 89 62 40 4c 8b 71 10 8b 41 20 4d 8d 3c c6
0x00007fff6e9b96d3:   4d 3b f7 0f 83 36 01 00 00 48 89 5c 24 40 48 89 


Stack slot to memory mapping:
stack at sp + 0 slots: 0x00007fff6eb82c31 jvm.dll
stack at sp + 1 slots: 0x00000074aeafc910 is pointing into the stack for thread: 0x000002120d04e000
stack at sp + 2 slots: 0x0000000000000001 is an unknown value
stack at sp + 3 slots: 0x00000212096e05f8 points into unknown readable memory: 0x00007fff6efa4068 | 68 40 fa 6e ff 7f 00 00
stack at sp + 4 slots: 0x0000000000000001 is an unknown value
stack at sp + 5 slots: 0x00000074aeafc328 is pointing into the stack for thread: 0x000002120d04e000
stack at sp + 6 slots: 0x0000007400000006 is an unknown value
stack at sp + 7 slots: 0x0000007400000000 is an unknown value


---------------  P R O C E S S  ---------------

Threads class SMR info:
_java_thread_list=0x000002120770bf80, length=78, elements={
0x0000021269d79000, 0x000002127f8ff000, 0x000002127f901000, 0x000002127f8ed000,
0x000002127f90c000, 0x000002127f90e000, 0x000002127f90f800, 0x000002127f913000,
0x000002127f91b000, 0x000002127fbc7800, 0x0000021208438000, 0x0000021208436800,
0x0000021208437800, 0x0000021208439000, 0x0000021208433800, 0x0000021208434000,
0x000002120843a000, 0x0000021208435800, 0x0000021208435000, 0x0000021207f30000,
0x0000021207f32000, 0x0000021207f32800, 0x0000021207f2d800, 0x0000021207f2d000,
0x0000021207f2e800, 0x0000021207f2f800, 0x0000021207f34000, 0x0000021207f33800,
0x0000021207f35000, 0x0000021207f36800, 0x0000021207f31000, 0x0000021207f39000,
0x0000021207f38800, 0x0000021207f3a000, 0x0000021207f3b000, 0x00000212089af000,
0x00000212089b1000, 0x00000212089b1800, 0x00000212089b0000, 0x00000212089b3000,
0x00000212089b2800, 0x00000212089ad800, 0x00000212089b4000, 0x00000212089ae800,
0x00000212089b5800, 0x00000212089b7800, 0x00000212089b9800, 0x00000212089ba800,
0x00000212089b5000, 0x00000212089bc000, 0x00000212089bb800, 0x00000212089b8000,
0x00000212089b9000, 0x00000212089b6800, 0x000002120a26a000, 0x000002120a270000,
0x000002120a26e000, 0x000002120a26f000, 0x000002120a270800, 0x000002120a26c000,
0x000002120a26c800, 0x000002120a26b000, 0x000002120a271800, 0x000002120a272800,
0x000002120a273000, 0x000002120a26d800, 0x000002120a275800, 0x000002120a279000,
0x000002120a274000, 0x000002120a277000, 0x000002120a276800, 0x000002120a274800,
0x000002120a278000, 0x000002120b872000, 0x000002120b871800, 0x000002120b870800,
0x000002120b874800, 0x000002120d04e000
}

Java Threads: ( => current thread )
  0x0000021269d79000 JavaThread "main" [_thread_blocked, id=9592, stack(0x00000074ac900000,0x00000074aca00000)]
  0x000002127f8ff000 JavaThread "Reference Handler" daemon [_thread_blocked, id=2880, stack(0x00000074ad000000,0x00000074ad100000)]
  0x000002127f901000 JavaThread "Finalizer" daemon [_thread_blocked, id=7776, stack(0x00000074ad100000,0x00000074ad200000)]
  0x000002127f8ed000 JavaThread "Signal Dispatcher" daemon [_thread_blocked, id=4984, stack(0x00000074ad200000,0x00000074ad300000)]
  0x000002127f90c000 JavaThread "Attach Listener" daemon [_thread_blocked, id=2400, stack(0x00000074ad300000,0x00000074ad400000)]
  0x000002127f90e000 JavaThread "Service Thread" daemon [_thread_blocked, id=5072, stack(0x00000074ad400000,0x00000074ad500000)]
  0x000002127f90f800 JavaThread "C2 CompilerThread0" daemon [_thread_in_native, id=4932, stack(0x00000074ad500000,0x00000074ad600000)]
  0x000002127f913000 JavaThread "C1 CompilerThread0" daemon [_thread_blocked, id=10084, stack(0x00000074ad600000,0x00000074ad700000)]
  0x000002127f91b000 JavaThread "Sweeper thread" daemon [_thread_blocked, id=7808, stack(0x00000074ad700000,0x00000074ad800000)]
  0x000002127fbc7800 JavaThread "Common-Cleaner" daemon [_thread_blocked, id=1204, stack(0x00000074ad800000,0x00000074ad900000)]
  0x0000021208438000 JavaThread "Daemon health stats" [_thread_blocked, id=5432, stack(0x00000074add00000,0x00000074ade00000)]
  0x0000021208436800 JavaThread "Incoming local TCP Connector on port 50686" [_thread_in_native, id=3608, stack(0x00000074ada00000,0x00000074adb00000)]
  0x0000021208437800 JavaThread "Daemon periodic checks" [_thread_blocked, id=5616, stack(0x00000074ade00000,0x00000074adf00000)]
  0x0000021208439000 JavaThread "Daemon" [_thread_blocked, id=6580, stack(0x00000074adf00000,0x00000074ae000000)]
  0x0000021208433800 JavaThread "Handler for socket connection from /127.0.0.1:50686 to /127.0.0.1:50687" [_thread_in_native, id=9736, stack(0x00000074ae000000,0x00000074ae100000)]
  0x0000021208434000 JavaThread "Cancel handler" [_thread_blocked, id=1980, stack(0x00000074ae100000,0x00000074ae200000)]
  0x000002120843a000 JavaThread "Daemon worker" [_thread_in_native, id=8604, stack(0x00000074ae200000,0x00000074ae300000)]
  0x0000021208435800 JavaThread "Asynchronous log dispatcher for DefaultDaemonConnection: socket connection from /127.0.0.1:50686 to /127.0.0.1:50687" [_thread_blocked, id=7884, stack(0x00000074ae300000,0x00000074ae400000)]
  0x0000021208435000 JavaThread "Stdin handler" [_thread_blocked, id=7520, stack(0x00000074ae400000,0x00000074ae500000)]
  0x0000021207f30000 JavaThread "Daemon client event forwarder" [_thread_blocked, id=2588, stack(0x00000074ae500000,0x00000074ae600000)]
  0x0000021207f32000 JavaThread "Cache worker for journal cache (C:\Users\Admin\.gradle\caches\journal-1)" [_thread_blocked, id=1192, stack(0x00000074ae600000,0x00000074ae700000)]
  0x0000021207f32800 JavaThread "File lock request listener" [_thread_in_native, id=6276, stack(0x00000074ae700000,0x00000074ae800000)]
  0x0000021207f2d800 JavaThread "Cache worker for file hash cache (C:\Users\Admin\.gradle\caches\7.2\fileHashes)" [_thread_blocked, id=1156, stack(0x00000074ae800000,0x00000074ae900000)]
  0x0000021207f2d000 JavaThread "Cache worker for file hash cache (C:\Users\Admin\Desktop\RetrofitGETKotlin\.gradle\7.2\fileHashes)" [_thread_blocked, id=1776, stack(0x00000074aeb00000,0x00000074aec00000)]
  0x0000021207f2e800 JavaThread "File watcher server" daemon [_thread_in_native, id=4960, stack(0x00000074aec00000,0x00000074aed00000)]
  0x0000021207f2f800 JavaThread "File watcher consumer" daemon [_thread_blocked, id=2072, stack(0x00000074aed00000,0x00000074aee00000)]
  0x0000021207f34000 JavaThread "Cache worker for checksums cache (C:\Users\Admin\Desktop\RetrofitGETKotlin\.gradle\checksums)" [_thread_blocked, id=2040, stack(0x00000074aee00000,0x00000074aef00000)]
  0x0000021207f33800 JavaThread "Cache worker for cache directory md-supplier (C:\Users\Admin\.gradle\caches\7.2\md-supplier)" [_thread_blocked, id=4000, stack(0x00000074aef00000,0x00000074af000000)]
  0x0000021207f35000 JavaThread "Cache worker for cache directory md-rule (C:\Users\Admin\.gradle\caches\7.2\md-rule)" [_thread_blocked, id=1100, stack(0x00000074af000000,0x00000074af100000)]
  0x0000021207f36800 JavaThread "Cache worker for execution history cache (C:\Users\Admin\.gradle\caches\7.2\executionHistory)" [_thread_blocked, id=3312, stack(0x00000074af100000,0x00000074af200000)]
  0x0000021207f31000 JavaThread "jar transforms" [_thread_blocked, id=2348, stack(0x00000074af200000,0x00000074af300000)]
  0x0000021207f39000 JavaThread "Cache worker for file content cache (C:\Users\Admin\.gradle\caches\7.2\fileContent)" [_thread_blocked, id=6572, stack(0x00000074af300000,0x00000074af400000)]
  0x0000021207f38800 JavaThread "jar transforms Thread 2" [_thread_blocked, id=2676, stack(0x00000074af400000,0x00000074af500000)]
  0x0000021207f3a000 JavaThread "Cache worker for dependencies-accessors (C:\Users\Admin\Desktop\RetrofitGETKotlin\.gradle\7.2\dependencies-accessors)" [_thread_blocked, id=2812, stack(0x00000074af500000,0x00000074af600000)]
  0x0000021207f3b000 JavaThread "jar transforms Thread 3" [_thread_blocked, id=2836, stack(0x00000074af600000,0x00000074af700000)]
  0x00000212089af000 JavaThread "Cache worker for Build Output Cleanup Cache (C:\Users\Admin\Desktop\RetrofitGETKotlin\.gradle\buildOutputCleanup)" [_thread_blocked, id=6056, stack(0x00000074af700000,0x00000074af800000)]
  0x00000212089b1000 JavaThread "Unconstrained build operations" [_thread_blocked, id=3076, stack(0x00000074af800000,0x00000074af900000)]
  0x00000212089b1800 JavaThread "Unconstrained build operations Thread 2" [_thread_blocked, id=6448, stack(0x00000074af900000,0x00000074afa00000)]
  0x00000212089b0000 JavaThread "Unconstrained build operations Thread 3" [_thread_blocked, id=4892, stack(0x00000074afa00000,0x00000074afb00000)]
  0x00000212089b3000 JavaThread "Unconstrained build operations Thread 4" [_thread_blocked, id=200, stack(0x00000074afb00000,0x00000074afc00000)]
  0x00000212089b2800 JavaThread "Unconstrained build operations Thread 5" [_thread_blocked, id=6500, stack(0x00000074afc00000,0x00000074afd00000)]
  0x00000212089ad800 JavaThread "Unconstrained build operations Thread 6" [_thread_blocked, id=8420, stack(0x00000074afd00000,0x00000074afe00000)]
  0x00000212089b4000 JavaThread "Unconstrained build operations Thread 7" [_thread_blocked, id=4464, stack(0x00000074afe00000,0x00000074aff00000)]
  0x00000212089ae800 JavaThread "Unconstrained build operations Thread 8" [_thread_blocked, id=9660, stack(0x00000074aff00000,0x00000074b0000000)]
  0x00000212089b5800 JavaThread "Unconstrained build operations Thread 9" [_thread_blocked, id=4556, stack(0x00000074b0000000,0x00000074b0100000)]
  0x00000212089b7800 JavaThread "Unconstrained build operations Thread 10" [_thread_blocked, id=5776, stack(0x00000074b0100000,0x00000074b0200000)]
  0x00000212089b9800 JavaThread "Unconstrained build operations Thread 11" [_thread_blocked, id=5336, stack(0x00000074b0200000,0x00000074b0300000)]
  0x00000212089ba800 JavaThread "Unconstrained build operations Thread 12" [_thread_blocked, id=8304, stack(0x00000074b0300000,0x00000074b0400000)]
  0x00000212089b5000 JavaThread "Unconstrained build operations Thread 13" [_thread_blocked, id=4724, stack(0x00000074b0400000,0x00000074b0500000)]
  0x00000212089bc000 JavaThread "Unconstrained build operations Thread 14" [_thread_blocked, id=4804, stack(0x00000074b0500000,0x00000074b0600000)]
  0x00000212089bb800 JavaThread "Unconstrained build operations Thread 15" [_thread_blocked, id=8512, stack(0x00000074b0600000,0x00000074b0700000)]
  0x00000212089b8000 JavaThread "Unconstrained build operations Thread 16" [_thread_blocked, id=8508, stack(0x00000074b0700000,0x00000074b0800000)]
  0x00000212089b9000 JavaThread "Unconstrained build operations Thread 17" [_thread_blocked, id=5340, stack(0x00000074b0800000,0x00000074b0900000)]
  0x00000212089b6800 JavaThread "Unconstrained build operations Thread 18" [_thread_blocked, id=4452, stack(0x00000074b0900000,0x00000074b0a00000)]
  0x000002120a26a000 JavaThread "Unconstrained build operations Thread 19" [_thread_blocked, id=5312, stack(0x00000074b0a00000,0x00000074b0b00000)]
  0x000002120a270000 JavaThread "Unconstrained build operations Thread 20" [_thread_blocked, id=9164, stack(0x00000074b0b00000,0x00000074b0c00000)]
  0x000002120a26e000 JavaThread "Unconstrained build operations Thread 21" [_thread_blocked, id=8280, stack(0x00000074b0c00000,0x00000074b0d00000)]
  0x000002120a26f000 JavaThread "Unconstrained build operations Thread 22" [_thread_blocked, id=7216, stack(0x00000074b0d00000,0x00000074b0e00000)]
  0x000002120a270800 JavaThread "Unconstrained build operations Thread 23" [_thread_blocked, id=6020, stack(0x00000074b0e00000,0x00000074b0f00000)]
  0x000002120a26c000 JavaThread "Unconstrained build operations Thread 24" [_thread_blocked, id=6116, stack(0x00000074b0f00000,0x00000074b1000000)]
  0x000002120a26c800 JavaThread "Unconstrained build operations Thread 25" [_thread_blocked, id=6616, stack(0x00000074b1000000,0x00000074b1100000)]
  0x000002120a26b000 JavaThread "Unconstrained build operations Thread 26" [_thread_blocked, id=6612, stack(0x00000074b1100000,0x00000074b1200000)]
  0x000002120a271800 JavaThread "Unconstrained build operations Thread 27" [_thread_blocked, id=6656, stack(0x00000074b1200000,0x00000074b1300000)]
  0x000002120a272800 JavaThread "Unconstrained build operations Thread 28" [_thread_blocked, id=7524, stack(0x00000074b1300000,0x00000074b1400000)]
  0x000002120a273000 JavaThread "Unconstrained build operations Thread 29" [_thread_blocked, id=1512, stack(0x00000074b1400000,0x00000074b1500000)]
  0x000002120a26d800 JavaThread "Unconstrained build operations Thread 30" [_thread_blocked, id=1664, stack(0x00000074b1500000,0x00000074b1600000)]
  0x000002120a275800 JavaThread "Unconstrained build operations Thread 31" [_thread_blocked, id=6916, stack(0x00000074b1600000,0x00000074b1700000)]
  0x000002120a279000 JavaThread "Unconstrained build operations Thread 32" [_thread_blocked, id=7420, stack(0x00000074b1700000,0x00000074b1800000)]
  0x000002120a274000 JavaThread "Unconstrained build operations Thread 33" [_thread_blocked, id=7532, stack(0x00000074b1800000,0x00000074b1900000)]
  0x000002120a277000 JavaThread "Unconstrained build operations Thread 34" [_thread_blocked, id=3728, stack(0x00000074b1900000,0x00000074b1a00000)]
  0x000002120a276800 JavaThread "Unconstrained build operations Thread 35" [_thread_blocked, id=7432, stack(0x00000074b1a00000,0x00000074b1b00000)]
  0x000002120a274800 JavaThread "Unconstrained build operations Thread 36" [_thread_blocked, id=3052, stack(0x00000074b1b00000,0x00000074b1c00000)]
  0x000002120a278000 JavaThread "Unconstrained build operations Thread 37" [_thread_blocked, id=7436, stack(0x00000074b1c00000,0x00000074b1d00000)]
  0x000002120b872000 JavaThread "Unconstrained build operations Thread 38" [_thread_blocked, id=7476, stack(0x00000074b1d00000,0x00000074b1e00000)]
  0x000002120b871800 JavaThread "Unconstrained build operations Thread 39" [_thread_blocked, id=8804, stack(0x00000074b1e00000,0x00000074b1f00000)]
  0x000002120b870800 JavaThread "Unconstrained build operations Thread 40" [_thread_blocked, id=3216, stack(0x00000074b1f00000,0x00000074b2000000)]
  0x000002120b874800 JavaThread "jar transforms Thread 4" [_thread_blocked, id=2960, stack(0x00000074b2000000,0x00000074b2100000)]
=>0x000002120d04e000 JavaThread "C2 CompilerThread1" daemon [_thread_in_native, id=4216, stack(0x00000074aea00000,0x00000074aeb00000)]

Other Threads:
  0x000002127f8d5000 VMThread "VM Thread" [stack: 0x00000074acf00000,0x00000074ad000000] [id=9644]
  0x000002127fbe0000 WatcherThread [stack: 0x00000074ad900000,0x00000074ada00000] [id=6176]
  0x0000021269d91000 GCTaskThread "GC Thread#0" [stack: 0x00000074aca00000,0x00000074acb00000] [id=2152]
  0x0000021206b9c000 GCTaskThread "GC Thread#1" [stack: 0x00000074adb00000,0x00000074adc00000] [id=5240]
  0x0000021206e5a000 GCTaskThread "GC Thread#2" [stack: 0x00000074adc00000,0x00000074add00000] [id=2236]
  0x0000021207549000 GCTaskThread "GC Thread#3" [stack: 0x00000074ae900000,0x00000074aea00000] [id=1096]
  0x0000021269dc5000 ConcurrentGCThread "G1 Main Marker" [stack: 0x00000074acb00000,0x00000074acc00000] [id=2968]
  0x0000021269dc6000 ConcurrentGCThread "G1 Conc#0" [stack: 0x00000074acc00000,0x00000074acd00000] [id=8200]
  0x0000021269e55800 ConcurrentGCThread "G1 Refine#0" [stack: 0x00000074acd00000,0x00000074ace00000] [id=6764]
  0x0000021269e56800 ConcurrentGCThread "G1 Young RemSet Sampling" [stack: 0x00000074ace00000,0x00000074acf00000] [id=7092]

Threads with active compile tasks:
C2 CompilerThread0  14613 5480   !   4       java.util.zip.ZipFile::getInputStream (323 bytes)
C2 CompilerThread1  14613 5444  s    4       java.util.jar.JarFile::getInputStream (72 bytes)

VM state:not at safepoint (normal execution)

VM Mutex/Monitor currently owned by a thread:  ([mutex/lock_event])
[0x0000021269d74b00] SystemDictionary_lock - owner thread: 0x0000000000000000

Heap address: 0x0000000080000000, size: 2048 MB, Compressed Oops mode: 32-bit
Narrow klass base: 0x0000000000000000, Narrow klass shift: 3
Compressed class space size: 1073741824 Address: 0x0000000100000000

Heap:
 garbage-first heap   total 157696K, used 90293K [0x0000000080000000, 0x0000000100000000)
  region size 1024K, 59 young (60416K), 9 survivors (9216K)
 Metaspace       used 49603K, capacity 50932K, committed 51148K, reserved 1093632K
  class space    used 6309K, capacity 6806K, committed 6860K, reserved 1048576K
Heap Regions: E=young(eden), S=young(survivor), O=old, HS=humongous(starts), HC=humongous(continues), CS=collection set, F=free, A=archive, TAMS=top-at-mark-start (previous, next)
|   0|0x0000000080000000, 0x0000000080100000, 0x0000000080100000|100%| O|  |TAMS 0x0000000080100000, 0x0000000080000000| Untracked 
|   1|0x0000000080100000, 0x0000000080200000, 0x0000000080200000|100%| O|  |TAMS 0x0000000080200000, 0x0000000080100000| Untracked 
|   2|0x0000000080200000, 0x0000000080300000, 0x0000000080300000|100%| O|  |TAMS 0x0000000080300000, 0x0000000080200000| Untracked 
|   3|0x0000000080300000, 0x0000000080400000, 0x0000000080400000|100%|HS|  |TAMS 0x0000000080400000, 0x0000000080300000| Complete 
|   4|0x0000000080400000, 0x0000000080500000, 0x0000000080500000|100%|HC|  |TAMS 0x0000000080500000, 0x0000000080400000| Complete 
|   5|0x0000000080500000, 0x0000000080600000, 0x0000000080600000|100%|HC|  |TAMS 0x0000000080600000, 0x0000000080500000| Complete 
|   6|0x0000000080600000, 0x0000000080700000, 0x0000000080700000|100%| O|  |TAMS 0x0000000080700000, 0x0000000080600000| Untracked 
|   7|0x0000000080700000, 0x0000000080800000, 0x0000000080800000|100%| O|  |TAMS 0x0000000080800000, 0x0000000080700000| Untracked 
|   8|0x0000000080800000, 0x0000000080900000, 0x0000000080900000|100%| O|  |TAMS 0x0000000080900000, 0x0000000080800000| Untracked 
|   9|0x0000000080900000, 0x0000000080a00000, 0x0000000080a00000|100%| O|  |TAMS 0x0000000080a00000, 0x0000000080900000| Untracked 
|  10|0x0000000080a00000, 0x0000000080b00000, 0x0000000080b00000|100%| O|  |TAMS 0x0000000080b00000, 0x0000000080a00000| Untracked 
|  11|0x0000000080b00000, 0x0000000080c00000, 0x0000000080c00000|100%| O|  |TAMS 0x0000000080c00000, 0x0000000080b00000| Untracked 
|  12|0x0000000080c00000, 0x0000000080d00000, 0x0000000080d00000|100%| O|  |TAMS 0x0000000080cfa000, 0x0000000080c00000| Untracked 
|  13|0x0000000080d00000, 0x0000000080e00000, 0x0000000080e00000|100%|HS|  |TAMS 0x0000000080d00000, 0x0000000080d00000| Complete 
|  14|0x0000000080e00000, 0x0000000080f00000, 0x0000000080f00000|100%| O|  |TAMS 0x0000000080e00000, 0x0000000080e00000| Untracked 
|  15|0x0000000080f00000, 0x0000000081000000, 0x0000000081000000|100%| O|  |TAMS 0x0000000080f00000, 0x0000000080f00000| Untracked 
|  16|0x0000000081000000, 0x0000000081100000, 0x0000000081100000|100%| O|  |TAMS 0x0000000081000000, 0x0000000081000000| Untracked 
|  17|0x0000000081100000, 0x0000000081200000, 0x0000000081200000|100%| O|  |TAMS 0x0000000081100000, 0x0000000081100000| Untracked 
|  18|0x0000000081200000, 0x0000000081300000, 0x0000000081300000|100%| O|  |TAMS 0x0000000081200000, 0x0000000081200000| Untracked 
|  19|0x0000000081300000, 0x0000000081400000, 0x0000000081400000|100%| O|  |TAMS 0x0000000081300000, 0x0000000081300000| Untracked 
|  20|0x0000000081400000, 0x0000000081500000, 0x0000000081500000|100%| O|  |TAMS 0x0000000081400000, 0x0000000081400000| Untracked 
|  21|0x0000000081500000, 0x0000000081600000, 0x0000000081600000|100%| O|  |TAMS 0x0000000081500000, 0x0000000081500000| Untracked 
|  22|0x0000000081600000, 0x00000000816c8400, 0x0000000081700000| 78%| O|  |TAMS 0x0000000081600000, 0x0000000081600000| Untracked 
|  23|0x0000000081700000, 0x0000000081800000, 0x0000000081800000|100%|HS|  |TAMS 0x0000000081700000, 0x0000000081700000| Complete 
|  24|0x0000000081800000, 0x0000000081900000, 0x0000000081900000|100%|HS|  |TAMS 0x0000000081800000, 0x0000000081800000| Complete 
|  25|0x0000000081900000, 0x0000000081a00000, 0x0000000081a00000|100%|HS|  |TAMS 0x0000000081900000, 0x0000000081900000| Complete 
|  26|0x0000000081a00000, 0x0000000081b00000, 0x0000000081b00000|100%|HS|  |TAMS 0x0000000081a00000, 0x0000000081a00000| Complete 
|  27|0x0000000081b00000, 0x0000000081c00000, 0x0000000081c00000|100%|HC|  |TAMS 0x0000000081b00000, 0x0000000081b00000| Complete 
|  28|0x0000000081c00000, 0x0000000081d00000, 0x0000000081d00000|100%|HC|  |TAMS 0x0000000081c00000, 0x0000000081c00000| Complete 
|  29|0x0000000081d00000, 0x0000000081e00000, 0x0000000081e00000|100%|HS|  |TAMS 0x0000000081d00000, 0x0000000081d00000| Complete 
|  30|0x0000000081e00000, 0x0000000081f00000, 0x0000000081f00000|100%|HC|  |TAMS 0x0000000081e00000, 0x0000000081e00000| Complete 
|  31|0x0000000081f00000, 0x0000000081f00000, 0x0000000082000000|  0%| F|  |TAMS 0x0000000081f00000, 0x0000000081f00000| Untracked 
|  32|0x0000000082000000, 0x0000000082000000, 0x0000000082100000|  0%| F|  |TAMS 0x0000000082000000, 0x0000000082000000| Untracked 
|  33|0x0000000082100000, 0x0000000082100000, 0x0000000082200000|  0%| F|  |TAMS 0x0000000082100000, 0x0000000082100000| Untracked 
|  34|0x0000000082200000, 0x0000000082200000, 0x0000000082300000|  0%| F|  |TAMS 0x0000000082200000, 0x0000000082200000| Untracked 
|  35|0x0000000082300000, 0x0000000082300000, 0x0000000082400000|  0%| F|  |TAMS 0x0000000082300000, 0x0000000082300000| Untracked 
|  36|0x0000000082400000, 0x0000000082400000, 0x0000000082500000|  0%| F|  |TAMS 0x0000000082400000, 0x0000000082400000| Untracked 
|  37|0x0000000082500000, 0x0000000082500000, 0x0000000082600000|  0%| F|  |TAMS 0x0000000082500000, 0x0000000082500000| Untracked 
|  38|0x0000000082600000, 0x0000000082600000, 0x0000000082700000|  0%| F|  |TAMS 0x0000000082600000, 0x0000000082600000| Untracked 
|  39|0x0000000082700000, 0x0000000082700000, 0x0000000082800000|  0%| F|  |TAMS 0x0000000082700000, 0x0000000082700000| Untracked 
|  40|0x0000000082800000, 0x0000000082800000, 0x0000000082900000|  0%| F|  |TAMS 0x0000000082800000, 0x0000000082800000| Untracked 
|  41|0x0000000082900000, 0x0000000082900000, 0x0000000082a00000|  0%| F|  |TAMS 0x0000000082900000, 0x0000000082900000| Untracked 
|  42|0x0000000082a00000, 0x0000000082a00000, 0x0000000082b00000|  0%| F|  |TAMS 0x0000000082a00000, 0x0000000082a00000| Untracked 
|  43|0x0000000082b00000, 0x0000000082b00000, 0x0000000082c00000|  0%| F|  |TAMS 0x0000000082b00000, 0x0000000082b00000| Untracked 
|  44|0x0000000082c00000, 0x0000000082c00000, 0x0000000082d00000|  0%| F|  |TAMS 0x0000000082c00000, 0x0000000082c00000| Untracked 
|  45|0x0000000082d00000, 0x0000000082d00000, 0x0000000082e00000|  0%| F|  |TAMS 0x0000000082d00000, 0x0000000082d00000| Untracked 
|  46|0x0000000082e00000, 0x0000000082e00000, 0x0000000082f00000|  0%| F|  |TAMS 0x0000000082e00000, 0x0000000082e00000| Untracked 
|  47|0x0000000082f00000, 0x0000000082f00000, 0x0000000083000000|  0%| F|  |TAMS 0x0000000082f00000, 0x0000000082f00000| Untracked 
|  48|0x0000000083000000, 0x0000000083000000, 0x0000000083100000|  0%| F|  |TAMS 0x0000000083000000, 0x0000000083000000| Untracked 
|  49|0x0000000083100000, 0x0000000083100000, 0x0000000083200000|  0%| F|  |TAMS 0x0000000083100000, 0x0000000083100000| Untracked 
|  50|0x0000000083200000, 0x0000000083200000, 0x0000000083300000|  0%| F|  |TAMS 0x0000000083200000, 0x0000000083200000| Untracked 
|  51|0x0000000083300000, 0x0000000083300000, 0x0000000083400000|  0%| F|  |TAMS 0x0000000083300000, 0x0000000083300000| Untracked 
|  52|0x0000000083400000, 0x0000000083400000, 0x0000000083500000|  0%| F|  |TAMS 0x0000000083400000, 0x0000000083400000| Untracked 
|  53|0x0000000083500000, 0x0000000083500000, 0x0000000083600000|  0%| F|  |TAMS 0x0000000083500000, 0x0000000083500000| Untracked 
|  54|0x0000000083600000, 0x0000000083600000, 0x0000000083700000|  0%| F|  |TAMS 0x0000000083600000, 0x0000000083600000| Untracked 
|  55|0x0000000083700000, 0x0000000083765328, 0x0000000083800000| 39%| S|CS|TAMS 0x0000000083700000, 0x0000000083700000| Complete 
|  56|0x0000000083800000, 0x0000000083900000, 0x0000000083900000|100%| S|CS|TAMS 0x0000000083800000, 0x0000000083800000| Complete 
|  57|0x0000000083900000, 0x0000000083a00000, 0x0000000083a00000|100%| S|CS|TAMS 0x0000000083900000, 0x0000000083900000| Complete 
|  58|0x0000000083a00000, 0x0000000083b00000, 0x0000000083b00000|100%| S|CS|TAMS 0x0000000083a00000, 0x0000000083a00000| Complete 
|  59|0x0000000083b00000, 0x0000000083c00000, 0x0000000083c00000|100%| S|CS|TAMS 0x0000000083b00000, 0x0000000083b00000| Complete 
|  60|0x0000000083c00000, 0x0000000083d00000, 0x0000000083d00000|100%| S|CS|TAMS 0x0000000083c00000, 0x0000000083c00000| Complete 
|  61|0x0000000083d00000, 0x0000000083d00000, 0x0000000083e00000|  0%| F|  |TAMS 0x0000000083d00000, 0x0000000083d00000| Untracked 
|  62|0x0000000083e00000, 0x0000000083e00000, 0x0000000083f00000|  0%| F|  |TAMS 0x0000000083e00000, 0x0000000083e00000| Untracked 
|  63|0x0000000083f00000, 0x0000000083f00000, 0x0000000084000000|  0%| F|  |TAMS 0x0000000083f00000, 0x0000000083f00000| Untracked 
|  64|0x0000000084000000, 0x0000000084000000, 0x0000000084100000|  0%| F|  |TAMS 0x0000000084000000, 0x0000000084000000| Untracked 
|  65|0x0000000084100000, 0x0000000084100000, 0x0000000084200000|  0%| F|  |TAMS 0x0000000084100000, 0x0000000084100000| Untracked 
|  66|0x0000000084200000, 0x0000000084200000, 0x0000000084300000|  0%| F|  |TAMS 0x0000000084200000, 0x0000000084200000| Untracked 
|  67|0x0000000084300000, 0x0000000084300000, 0x0000000084400000|  0%| F|  |TAMS 0x0000000084300000, 0x0000000084300000| Untracked 
|  68|0x0000000084400000, 0x0000000084400000, 0x0000000084500000|  0%| F|  |TAMS 0x0000000084400000, 0x0000000084400000| Untracked 
|  69|0x0000000084500000, 0x0000000084500000, 0x0000000084600000|  0%| F|  |TAMS 0x0000000084500000, 0x0000000084500000| Untracked 
|  70|0x0000000084600000, 0x0000000084700000, 0x0000000084700000|100%| S|CS|TAMS 0x0000000084600000, 0x0000000084600000| Complete 
|  71|0x0000000084700000, 0x0000000084800000, 0x0000000084800000|100%| S|CS|TAMS 0x0000000084700000, 0x0000000084700000| Complete 
|  72|0x0000000084800000, 0x0000000084900000, 0x0000000084900000|100%| S|CS|TAMS 0x0000000084800000, 0x0000000084800000| Complete 
|  73|0x0000000084900000, 0x0000000084900000, 0x0000000084a00000|  0%| F|  |TAMS 0x0000000084900000, 0x0000000084900000| Untracked 
|  74|0x0000000084a00000, 0x0000000084a00000, 0x0000000084b00000|  0%| F|  |TAMS 0x0000000084a00000, 0x0000000084a00000| Untracked 
|  75|0x0000000084b00000, 0x0000000084b00000, 0x0000000084c00000|  0%| F|  |TAMS 0x0000000084b00000, 0x0000000084b00000| Untracked 
|  76|0x0000000084c00000, 0x0000000084c00000, 0x0000000084d00000|  0%| F|  |TAMS 0x0000000084c00000, 0x0000000084c00000| Untracked 
|  77|0x0000000084d00000, 0x0000000084d00000, 0x0000000084e00000|  0%| F|  |TAMS 0x0000000084d00000, 0x0000000084d00000| Untracked 
|  78|0x0000000084e00000, 0x0000000084e00000, 0x0000000084f00000|  0%| F|  |TAMS 0x0000000084e00000, 0x0000000084e00000| Untracked 
|  79|0x0000000084f00000, 0x0000000084f00000, 0x0000000085000000|  0%| F|  |TAMS 0x0000000084f00000, 0x0000000084f00000| Untracked 
|  80|0x0000000085000000, 0x0000000085000000, 0x0000000085100000|  0%| F|  |TAMS 0x0000000085000000, 0x0000000085000000| Untracked 
|  81|0x0000000085100000, 0x0000000085100000, 0x0000000085200000|  0%| F|  |TAMS 0x0000000085100000, 0x0000000085100000| Untracked 
|  82|0x0000000085200000, 0x0000000085200000, 0x0000000085300000|  0%| F|  |TAMS 0x0000000085200000, 0x0000000085200000| Untracked 
|  83|0x0000000085300000, 0x0000000085300000, 0x0000000085400000|  0%| F|  |TAMS 0x0000000085300000, 0x0000000085300000| Untracked 
|  84|0x0000000085400000, 0x0000000085400000, 0x0000000085500000|  0%| F|  |TAMS 0x0000000085400000, 0x0000000085400000| Untracked 
|  85|0x0000000085500000, 0x0000000085500000, 0x0000000085600000|  0%| F|  |TAMS 0x0000000085500000, 0x0000000085500000| Untracked 
|  86|0x0000000085600000, 0x0000000085600000, 0x0000000085700000|  0%| F|  |TAMS 0x0000000085600000, 0x0000000085600000| Untracked 
|  87|0x0000000085700000, 0x0000000085700000, 0x0000000085800000|  0%| F|  |TAMS 0x0000000085700000, 0x0000000085700000| Untracked 
|  88|0x0000000085800000, 0x0000000085800000, 0x0000000085900000|  0%| F|  |TAMS 0x0000000085800000, 0x0000000085800000| Untracked 
|  89|0x0000000085900000, 0x0000000085900000, 0x0000000085a00000|  0%| F|  |TAMS 0x0000000085900000, 0x0000000085900000| Untracked 
|  90|0x0000000085a00000, 0x0000000085a00000, 0x0000000085b00000|  0%| F|  |TAMS 0x0000000085a00000, 0x0000000085a00000| Untracked 
|  91|0x0000000085b00000, 0x0000000085b00000, 0x0000000085c00000|  0%| F|  |TAMS 0x0000000085b00000, 0x0000000085b00000| Untracked 
|  92|0x0000000085c00000, 0x0000000085c00000, 0x0000000085d00000|  0%| F|  |TAMS 0x0000000085c00000, 0x0000000085c00000| Untracked 
|  93|0x0000000085d00000, 0x0000000085d00000, 0x0000000085e00000|  0%| F|  |TAMS 0x0000000085d00000, 0x0000000085d00000| Untracked 
|  94|0x0000000085e00000, 0x0000000085e00000, 0x0000000085f00000|  0%| F|  |TAMS 0x0000000085e00000, 0x0000000085e00000| Untracked 
|  95|0x0000000085f00000, 0x0000000085f00000, 0x0000000086000000|  0%| F|  |TAMS 0x0000000085f00000, 0x0000000085f00000| Untracked 
|  96|0x0000000086000000, 0x0000000086000000, 0x0000000086100000|  0%| F|  |TAMS 0x0000000086000000, 0x0000000086000000| Untracked 
|  97|0x0000000086100000, 0x0000000086100000, 0x0000000086200000|  0%| F|  |TAMS 0x0000000086100000, 0x0000000086100000| Untracked 
|  98|0x0000000086200000, 0x0000000086200000, 0x0000000086300000|  0%| F|  |TAMS 0x0000000086200000, 0x0000000086200000| Untracked 
|  99|0x0000000086300000, 0x0000000086300000, 0x0000000086400000|  0%| F|  |TAMS 0x0000000086300000, 0x0000000086300000| Untracked 
| 100|0x0000000086400000, 0x0000000086400000, 0x0000000086500000|  0%| F|  |TAMS 0x0000000086400000, 0x0000000086400000| Untracked 
| 101|0x0000000086500000, 0x0000000086500000, 0x0000000086600000|  0%| F|  |TAMS 0x0000000086500000, 0x0000000086500000| Untracked 
| 102|0x0000000086600000, 0x0000000086600000, 0x0000000086700000|  0%| F|  |TAMS 0x0000000086600000, 0x0000000086600000| Untracked 
| 103|0x0000000086700000, 0x0000000086700000, 0x0000000086800000|  0%| F|  |TAMS 0x0000000086700000, 0x0000000086700000| Untracked 
| 104|0x0000000086800000, 0x0000000086900000, 0x0000000086900000|100%| E|  |TAMS 0x0000000086800000, 0x0000000086800000| Complete 
| 105|0x0000000086900000, 0x0000000086a00000, 0x0000000086a00000|100%| E|CS|TAMS 0x0000000086900000, 0x0000000086900000| Complete 
| 106|0x0000000086a00000, 0x0000000086b00000, 0x0000000086b00000|100%| E|CS|TAMS 0x0000000086a00000, 0x0000000086a00000| Complete 
| 107|0x0000000086b00000, 0x0000000086c00000, 0x0000000086c00000|100%| E|CS|TAMS 0x0000000086b00000, 0x0000000086b00000| Complete 
| 108|0x0000000086c00000, 0x0000000086d00000, 0x0000000086d00000|100%| E|CS|TAMS 0x0000000086c00000, 0x0000000086c00000| Complete 
| 109|0x0000000086d00000, 0x0000000086e00000, 0x0000000086e00000|100%| E|CS|TAMS 0x0000000086d00000, 0x0000000086d00000| Complete 
| 110|0x0000000086e00000, 0x0000000086f00000, 0x0000000086f00000|100%| E|CS|TAMS 0x0000000086e00000, 0x0000000086e00000| Complete 
| 111|0x0000000086f00000, 0x0000000087000000, 0x0000000087000000|100%| E|CS|TAMS 0x0000000086f00000, 0x0000000086f00000| Complete 
| 112|0x0000000087000000, 0x0000000087100000, 0x0000000087100000|100%| E|CS|TAMS 0x0000000087000000, 0x0000000087000000| Complete 
| 113|0x0000000087100000, 0x0000000087200000, 0x0000000087200000|100%| E|CS|TAMS 0x0000000087100000, 0x0000000087100000| Complete 
| 114|0x0000000087200000, 0x0000000087300000, 0x0000000087300000|100%| E|CS|TAMS 0x0000000087200000, 0x0000000087200000| Complete 
| 115|0x0000000087300000, 0x0000000087400000, 0x0000000087400000|100%| E|CS|TAMS 0x0000000087300000, 0x0000000087300000| Complete 
| 116|0x0000000087400000, 0x0000000087500000, 0x0000000087500000|100%| E|CS|TAMS 0x0000000087400000, 0x0000000087400000| Complete 
| 117|0x0000000087500000, 0x0000000087600000, 0x0000000087600000|100%| E|CS|TAMS 0x0000000087500000, 0x0000000087500000| Complete 
| 118|0x0000000087600000, 0x0000000087700000, 0x0000000087700000|100%| E|CS|TAMS 0x0000000087600000, 0x0000000087600000| Complete 
| 119|0x0000000087700000, 0x0000000087800000, 0x0000000087800000|100%| E|CS|TAMS 0x0000000087700000, 0x0000000087700000| Complete 
| 120|0x0000000087800000, 0x0000000087900000, 0x0000000087900000|100%| E|CS|TAMS 0x0000000087800000, 0x0000000087800000| Complete 
| 121|0x0000000087900000, 0x0000000087a00000, 0x0000000087a00000|100%| E|CS|TAMS 0x0000000087900000, 0x0000000087900000| Complete 
| 122|0x0000000087a00000, 0x0000000087b00000, 0x0000000087b00000|100%| E|CS|TAMS 0x0000000087a00000, 0x0000000087a00000| Complete 
| 123|0x0000000087b00000, 0x0000000087c00000, 0x0000000087c00000|100%| E|CS|TAMS 0x0000000087b00000, 0x0000000087b00000| Complete 
| 124|0x0000000087c00000, 0x0000000087d00000, 0x0000000087d00000|100%| E|CS|TAMS 0x0000000087c00000, 0x0000000087c00000| Complete 
| 125|0x0000000087d00000, 0x0000000087e00000, 0x0000000087e00000|100%| E|CS|TAMS 0x0000000087d00000, 0x0000000087d00000| Complete 
| 126|0x0000000087e00000, 0x0000000087f00000, 0x0000000087f00000|100%| E|CS|TAMS 0x0000000087e00000, 0x0000000087e00000| Complete 
| 127|0x0000000087f00000, 0x0000000088000000, 0x0000000088000000|100%| E|CS|TAMS 0x0000000087f00000, 0x0000000087f00000| Complete 
| 128|0x0000000088000000, 0x0000000088100000, 0x0000000088100000|100%| E|CS|TAMS 0x0000000088000000, 0x0000000088000000| Complete 
| 129|0x0000000088100000, 0x0000000088200000, 0x0000000088200000|100%| E|CS|TAMS 0x0000000088100000, 0x0000000088100000| Complete 
| 130|0x0000000088200000, 0x0000000088300000, 0x0000000088300000|100%| E|CS|TAMS 0x0000000088200000, 0x0000000088200000| Complete 
| 131|0x0000000088300000, 0x0000000088400000, 0x0000000088400000|100%| E|CS|TAMS 0x0000000088300000, 0x0000000088300000| Complete 
| 132|0x0000000088400000, 0x0000000088500000, 0x0000000088500000|100%| E|CS|TAMS 0x0000000088400000, 0x0000000088400000| Complete 
| 133|0x0000000088500000, 0x0000000088600000, 0x0000000088600000|100%| E|CS|TAMS 0x0000000088500000, 0x0000000088500000| Complete 
| 134|0x0000000088600000, 0x0000000088700000, 0x0000000088700000|100%| E|CS|TAMS 0x0000000088600000, 0x0000000088600000| Complete 
| 135|0x0000000088700000, 0x0000000088800000, 0x0000000088800000|100%| E|CS|TAMS 0x0000000088700000, 0x0000000088700000| Complete 
| 136|0x0000000088800000, 0x0000000088900000, 0x0000000088900000|100%| E|CS|TAMS 0x0000000088800000, 0x0000000088800000| Complete 
| 137|0x0000000088900000, 0x0000000088a00000, 0x0000000088a00000|100%| E|CS|TAMS 0x0000000088900000, 0x0000000088900000| Complete 
| 138|0x0000000088a00000, 0x0000000088b00000, 0x0000000088b00000|100%| E|CS|TAMS 0x0000000088a00000, 0x0000000088a00000| Complete 
| 139|0x0000000088b00000, 0x0000000088c00000, 0x0000000088c00000|100%| E|CS|TAMS 0x0000000088b00000, 0x0000000088b00000| Complete 
| 140|0x0000000088c00000, 0x0000000088d00000, 0x0000000088d00000|100%| E|CS|TAMS 0x0000000088c00000, 0x0000000088c00000| Complete 
| 141|0x0000000088d00000, 0x0000000088e00000, 0x0000000088e00000|100%| E|CS|TAMS 0x0000000088d00000, 0x0000000088d00000| Complete 
| 142|0x0000000088e00000, 0x0000000088f00000, 0x0000000088f00000|100%| E|CS|TAMS 0x0000000088e00000, 0x0000000088e00000| Complete 
| 143|0x0000000088f00000, 0x0000000089000000, 0x0000000089000000|100%| E|CS|TAMS 0x0000000088f00000, 0x0000000088f00000| Complete 
| 144|0x0000000089000000, 0x0000000089100000, 0x0000000089100000|100%| E|CS|TAMS 0x0000000089000000, 0x0000000089000000| Complete 
| 145|0x0000000089100000, 0x0000000089200000, 0x0000000089200000|100%| E|CS|TAMS 0x0000000089100000, 0x0000000089100000| Complete 
| 146|0x0000000089200000, 0x0000000089300000, 0x0000000089300000|100%| E|CS|TAMS 0x0000000089200000, 0x0000000089200000| Complete 
| 147|0x0000000089300000, 0x0000000089400000, 0x0000000089400000|100%| E|CS|TAMS 0x0000000089300000, 0x0000000089300000| Complete 
| 148|0x0000000089400000, 0x0000000089500000, 0x0000000089500000|100%| E|CS|TAMS 0x0000000089400000, 0x0000000089400000| Complete 
| 149|0x0000000089500000, 0x0000000089600000, 0x0000000089600000|100%| E|CS|TAMS 0x0000000089500000, 0x0000000089500000| Complete 
| 150|0x0000000089600000, 0x0000000089700000, 0x0000000089700000|100%| E|CS|TAMS 0x0000000089600000, 0x0000000089600000| Complete 
| 151|0x0000000089700000, 0x0000000089800000, 0x0000000089800000|100%| E|CS|TAMS 0x0000000089700000, 0x0000000089700000| Complete 
| 152|0x0000000089800000, 0x0000000089900000, 0x0000000089900000|100%| E|CS|TAMS 0x0000000089800000, 0x0000000089800000| Complete 
| 153|0x0000000089900000, 0x0000000089a00000, 0x0000000089a00000|100%| E|CS|TAMS 0x0000000089900000, 0x0000000089900000| Complete 

Card table byte_map: [0x000002127eaa0000,0x000002127eea0000] _byte_map_base: 0x000002127e6a0000

Marking Bits (Prev, Next): (CMBitMap*) 0x0000021269dbbfb8, (CMBitMap*) 0x0000021269dbbff0
 Prev Bits: [0x0000021200000000, 0x0000021202000000)
 Next Bits: [0x0000021202000000, 0x0000021204000000)

Polling page: 0x0000021269b70000

Metaspace:

Usage:
  Non-class:     43.15 MB capacity,    42.36 MB ( 98%) used,   679.23 KB (  2%) free+waste,   129.56 KB ( <1%) overhead. 
      Class:      6.65 MB capacity,     6.18 MB ( 93%) used,   418.40 KB (  6%) free+waste,    61.56 KB ( <1%) overhead. 
       Both:     49.80 MB capacity,    48.54 MB ( 97%) used,     1.07 MB (  2%) free+waste,   191.13 KB ( <1%) overhead. 

Virtual space:
  Non-class space:       44.00 MB reserved,      43.25 MB ( 98%) committed 
      Class space:        1.00 GB reserved,       6.70 MB ( <1%) committed 
             Both:        1.04 GB reserved,      49.95 MB (  5%) committed 

Chunk freelists:
   Non-Class:  34.00 KB
       Class:  10.00 KB
        Both:  44.00 KB

MaxMetaspaceSize: 17179869184.00 GB
CompressedClassSpaceSize: 1.00 GB

CodeHeap 'non-profiled nmethods': size=120064Kb used=2843Kb max_used=2843Kb free=117220Kb
 bounds [0x0000021276b40000, 0x0000021276e10000, 0x000002127e080000]
CodeHeap 'profiled nmethods': size=120000Kb used=11114Kb max_used=11114Kb free=108886Kb
 bounds [0x000002126f610000, 0x00000212700f0000, 0x0000021276b40000]
CodeHeap 'non-nmethods': size=5696Kb used=2218Kb max_used=2254Kb free=3478Kb
 bounds [0x000002126f080000, 0x000002126f2f0000, 0x000002126f610000]
 total_blobs=6254 nmethods=5465 adapters=700
 compilation: enabled
              stopped_count=0, restarted_count=0
 full_count=0

Compilation events (20 events):
Event: 14.449 Thread 0x000002127f913000 5460       3       com.google.common.collect.MapMakerInternalMap::segmentFor (17 bytes)
Event: 14.449 Thread 0x000002127f913000 nmethod 5460 0x00000212700d4690 code [0x00000212700d4840, 0x00000212700d4978]
Event: 14.449 Thread 0x000002127f913000 5459       3       java.util.regex.Pattern::range (292 bytes)
Event: 14.453 Thread 0x000002127f913000 nmethod 5459 0x00000212700d4a90 code [0x00000212700d4f40, 0x00000212700d71c8]
Event: 14.453 Thread 0x000002127f913000 5461       3       java.util.jar.Manifest$FastInputStream::readLine (296 bytes)
Event: 14.454 Thread 0x000002127f913000 nmethod 5461 0x00000212700d7d90 code [0x00000212700d7fc0, 0x00000212700d88a8]
Event: 14.454 Thread 0x000002127f913000 5458       3       com.google.common.collect.MapMakerInternalMap$StrongKeyWeakValueSegment::self (2 bytes)
Event: 14.454 Thread 0x000002127f913000 nmethod 5458 0x00000212700d8c10 code [0x00000212700d8dc0, 0x00000212700d8eb8]
Event: 14.462 Thread 0x000002127f913000 5462       3       com.google.common.collect.MapMakerInternalMap$Segment::getEntry (80 bytes)
Event: 14.464 Thread 0x000002127f913000 nmethod 5462 0x00000212700d8f90 code [0x00000212700d9300, 0x00000212700daaa8]
Event: 14.466 Thread 0x000002127f90f800 nmethod 5423 0x0000021276dffa90 code [0x0000021276dffd60, 0x0000021276e01fd8]
Event: 14.466 Thread 0x000002127f90f800 5452       4       java.lang.StringLatin1::toUpperCase (180 bytes)
Event: 14.467 Thread 0x000002127f913000 5464       3       org.gradle.internal.util.Trie::find (135 bytes)
Event: 14.468 Thread 0x000002127f913000 nmethod 5464 0x00000212700db210 code [0x00000212700db440, 0x00000212700dbb98]
Event: 14.468 Thread 0x000002127f913000 5463       3       org.gradle.internal.classloader.FilteringClassLoader$TrieSet::find (9 bytes)
Event: 14.468 Thread 0x000002127f913000 nmethod 5463 0x00000212700dbe10 code [0x00000212700dbfc0, 0x00000212700dc108]
Event: 14.474 Thread 0x000002127f913000 5465       1       com.google.common.collect.MapMakerInternalMap$AbstractStrongKeyEntry::getKey (5 bytes)
Event: 14.474 Thread 0x000002127f913000 nmethod 5465 0x0000021276e03190 code [0x0000021276e03340, 0x0000021276e033f8]
Event: 14.487 Thread 0x000002127f90f800 nmethod 5452 0x0000021276e03490 code [0x0000021276e03660, 0x0000021276e03f18]
Event: 14.487 Thread 0x000002127f90f800 5466       4       java.lang.ref.WeakReference::<init> (7 bytes)

GC Heap History (16 events):
Event: 0.791 GC heap before
{Heap before GC invocations=0 (full 0):
 garbage-first heap   total 131072K, used 19456K [0x0000000080000000, 0x0000000100000000)
  region size 1024K, 14 young (14336K), 0 survivors (0K)
 Metaspace       used 6729K, capacity 6925K, committed 7168K, reserved 1056768K
  class space    used 582K, capacity 650K, committed 768K, reserved 1048576K
}
Event: 0.796 GC heap after
{Heap after GC invocations=1 (full 0):
 garbage-first heap   total 131072K, used 8219K [0x0000000080000000, 0x0000000100000000)
  region size 1024K, 2 young (2048K), 2 survivors (2048K)
 Metaspace       used 6729K, capacity 6925K, committed 7168K, reserved 1056768K
  class space    used 582K, capacity 650K, committed 768K, reserved 1048576K
}
Event: 1.200 GC heap before
{Heap before GC invocations=1 (full 0):
 garbage-first heap   total 131072K, used 19483K [0x0000000080000000, 0x0000000100000000)
  region size 1024K, 13 young (13312K), 2 survivors (2048K)
 Metaspace       used 9857K, capacity 10054K, committed 10112K, reserved 1058816K
  class space    used 1028K, capacity 1102K, committed 1152K, reserved 1048576K
}
Event: 1.205 GC heap after
{Heap after GC invocations=2 (full 0):
 garbage-first heap   total 131072K, used 9194K [0x0000000080000000, 0x0000000100000000)
  region size 1024K, 2 young (2048K), 2 survivors (2048K)
 Metaspace       used 9857K, capacity 10054K, committed 10112K, reserved 1058816K
  class space    used 1028K, capacity 1102K, committed 1152K, reserved 1048576K
}
Event: 1.986 GC heap before
{Heap before GC invocations=2 (full 0):
 garbage-first heap   total 131072K, used 46058K [0x0000000080000000, 0x0000000100000000)
  region size 1024K, 38 young (38912K), 2 survivors (2048K)
 Metaspace       used 10899K, capacity 11073K, committed 11264K, reserved 1058816K
  class space    used 1132K, capacity 1207K, committed 1280K, reserved 1048576K
}
Event: 1.992 GC heap after
{Heap after GC invocations=3 (full 0):
 garbage-first heap   total 131072K, used 13405K [0x0000000080000000, 0x0000000100000000)
  region size 1024K, 5 young (5120K), 5 survivors (5120K)
 Metaspace       used 10899K, capacity 11073K, committed 11264K, reserved 1058816K
  class space    used 1132K, capacity 1207K, committed 1280K, reserved 1048576K
}
Event: 6.714 GC heap before
{Heap before GC invocations=3 (full 0):
 garbage-first heap   total 131072K, used 74845K [0x0000000080000000, 0x0000000100000000)
  region size 1024K, 66 young (67584K), 5 survivors (5120K)
 Metaspace       used 20684K, capacity 21073K, committed 21248K, reserved 1067008K
  class space    used 2534K, capacity 2691K, committed 2816K, reserved 1048576K
}
Event: 6.729 GC heap after
{Heap after GC invocations=4 (full 0):
 garbage-first heap   total 131072K, used 17227K [0x0000000080000000, 0x0000000100000000)
  region size 1024K, 9 young (9216K), 9 survivors (9216K)
 Metaspace       used 20684K, capacity 21073K, committed 21248K, reserved 1067008K
  class space    used 2534K, capacity 2691K, committed 2816K, reserved 1048576K
}
Event: 7.815 GC heap before
{Heap before GC invocations=5 (full 0):
 garbage-first heap   total 131072K, used 83787K [0x0000000080000000, 0x0000000100000000)
  region size 1024K, 74 young (75776K), 9 survivors (9216K)
 Metaspace       used 26878K, capacity 27471K, committed 27648K, reserved 1073152K
  class space    used 3544K, capacity 3769K, committed 3840K, reserved 1048576K
}
Event: 7.830 GC heap after
{Heap after GC invocations=6 (full 0):
 garbage-first heap   total 157696K, used 19432K [0x0000000080000000, 0x0000000100000000)
  region size 1024K, 6 young (6144K), 6 survivors (6144K)
 Metaspace       used 26878K, capacity 27471K, committed 27648K, reserved 1073152K
  class space    used 3544K, capacity 3769K, committed 3840K, reserved 1048576K
}
Event: 9.322 GC heap before
{Heap before GC invocations=6 (full 0):
 garbage-first heap   total 157696K, used 65512K [0x0000000080000000, 0x0000000100000000)
  region size 1024K, 52 young (53248K), 6 survivors (6144K)
 Metaspace       used 35023K, capacity 35790K, committed 35840K, reserved 1081344K
  class space    used 4541K, capacity 4863K, committed 4864K, reserved 1048576K
}
Event: 9.343 GC heap after
{Heap after GC invocations=7 (full 0):
 garbage-first heap   total 157696K, used 22770K [0x0000000080000000, 0x0000000100000000)
  region size 1024K, 10 young (10240K), 10 survivors (10240K)
 Metaspace       used 35023K, capacity 35790K, committed 35840K, reserved 1081344K
  class space    used 4541K, capacity 4863K, committed 4864K, reserved 1048576K
}
Event: 11.087 GC heap before
{Heap before GC invocations=8 (full 0):
 garbage-first heap   total 157696K, used 100594K [0x0000000080000000, 0x0000000100000000)
  region size 1024K, 84 young (86016K), 10 survivors (10240K)
 Metaspace       used 40920K, capacity 41830K, committed 42060K, reserved 1085440K
  class space    used 5253K, capacity 5583K, committed 5708K, reserved 1048576K
}
Event: 11.111 GC heap after
{Heap after GC invocations=9 (full 0):
 garbage-first heap   total 157696K, used 27913K [0x0000000080000000, 0x0000000100000000)
  region size 1024K, 9 young (9216K), 9 survivors (9216K)
 Metaspace       used 40920K, capacity 41830K, committed 42060K, reserved 1085440K
  class space    used 5253K, capacity 5583K, committed 5708K, reserved 1048576K
}
Event: 12.936 GC heap before
{Heap before GC invocations=9 (full 0):
 garbage-first heap   total 157696K, used 110857K [0x0000000080000000, 0x0000000100000000)
  region size 1024K, 90 young (92160K), 9 survivors (9216K)
 Metaspace       used 47368K, capacity 48528K, committed 48844K, reserved 1091584K
  class space    used 6059K, capacity 6493K, committed 6604K, reserved 1048576K
}
Event: 12.957 GC heap after
{Heap after GC invocations=10 (full 0):
 garbage-first heap   total 157696K, used 30901K [0x0000000080000000, 0x0000000100000000)
  region size 1024K, 9 young (9216K), 9 survivors (9216K)
 Metaspace       used 47368K, capacity 48528K, committed 48844K, reserved 1091584K
  class space    used 6059K, capacity 6493K, committed 6604K, reserved 1048576K
}

Deoptimization events (20 events):
Event: 13.909 Thread 0x000002120843a000 DEOPT PACKING pc=0x000002127005592a sp=0x00000074ae2f1e30
Event: 13.909 Thread 0x000002120843a000 DEOPT UNPACKING pc=0x000002126f0a6dde sp=0x00000074ae2f1408 mode 0
Event: 13.972 Thread 0x000002120843a000 DEOPT PACKING pc=0x000002127005592a sp=0x00000074ae2f1d00
Event: 13.972 Thread 0x000002120843a000 DEOPT UNPACKING pc=0x000002126f0a6dde sp=0x00000074ae2f12d8 mode 0
Event: 14.009 Thread 0x000002120843a000 DEOPT PACKING pc=0x000002127005592a sp=0x00000074ae2f1d00
Event: 14.009 Thread 0x000002120843a000 DEOPT UNPACKING pc=0x000002126f0a6dde sp=0x00000074ae2f12d8 mode 0
Event: 14.079 Thread 0x000002120843a000 DEOPT PACKING pc=0x000002127005592a sp=0x00000074ae2f1d00
Event: 14.079 Thread 0x000002120843a000 DEOPT UNPACKING pc=0x000002126f0a6dde sp=0x00000074ae2f12d8 mode 0
Event: 14.162 Thread 0x000002120843a000 Uncommon trap: trap_request=0xffffff4d fr.pc=0x0000021276de4740 relative=0x00000000000013c0
Event: 14.162 Thread 0x000002120843a000 Uncommon trap: reason=unstable_if action=reinterpret pc=0x0000021276de4740 method=org.codehaus.groovy.reflection.CachedMethod.compareToMethod(Ljava/lang/reflect/Method;)I @ 71 c2
Event: 14.162 Thread 0x000002120843a000 DEOPT PACKING pc=0x0000021276de4740 sp=0x00000074ae2f9bc0
Event: 14.162 Thread 0x000002120843a000 DEOPT UNPACKING pc=0x000002126f0a662f sp=0x00000074ae2f9a08 mode 2
Event: 14.321 Thread 0x000002120843a000 Uncommon trap: trap_request=0xffffff4d fr.pc=0x0000021276d61e9c relative=0x000000000000007c
Event: 14.321 Thread 0x000002120843a000 Uncommon trap: reason=unstable_if action=reinterpret pc=0x0000021276d61e9c method=java.util.Spliterator.getExactSizeIfKnown()J @ 9 c2
Event: 14.321 Thread 0x000002120843a000 DEOPT PACKING pc=0x0000021276d61e9c sp=0x00000074ae2fb500
Event: 14.321 Thread 0x000002120843a000 DEOPT UNPACKING pc=0x000002126f0a662f sp=0x00000074ae2fb498 mode 2
Event: 14.381 Thread 0x000002120843a000 Uncommon trap: trap_request=0xffffff4d fr.pc=0x0000021276b915d0 relative=0x0000000000000570
Event: 14.381 Thread 0x000002120843a000 Uncommon trap: reason=unstable_if action=reinterpret pc=0x0000021276b915d0 method=java.util.jar.Manifest$FastInputStream.readLine([BII)I @ 130 c2
Event: 14.381 Thread 0x000002120843a000 DEOPT PACKING pc=0x0000021276b915d0 sp=0x00000074ae2f8060
Event: 14.381 Thread 0x000002120843a000 DEOPT UNPACKING pc=0x000002126f0a662f sp=0x00000074ae2f7ff0 mode 2

Classes redefined (0 events):
No events

Internal exceptions (20 events):
Event: 14.268 Thread 0x000002120843a000 Exception <a 'java/lang/ClassNotFoundException'{0x0000000087589848}: org/gradle/api/DefaultTaskBeanInfo> (0x0000000087589848) thrown at [./src/hotspot/share/classfile/systemDictionary.cpp, line 231]
Event: 14.268 Thread 0x000002120843a000 Exception <a 'java/lang/ClassNotFoundException'{0x00000000875b7ea8}: org/gradle/api/internal/AbstractTaskBeanInfo> (0x00000000875b7ea8) thrown at [./src/hotspot/share/classfile/systemDictionary.cpp, line 231]
Event: 14.270 Thread 0x000002120843a000 Exception <a 'java/lang/ClassNotFoundException'{0x00000000875e6cb0}: org/gradle/api/internal/AbstractTaskCustomizer> (0x00000000875e6cb0) thrown at [./src/hotspot/share/classfile/systemDictionary.cpp, line 231]
Event: 14.274 Thread 0x000002120843a000 Exception <a 'java/lang/ClassNotFoundException'{0x000000008745a2b0}: org/gradle/api/DefaultTaskCustomizer> (0x000000008745a2b0) thrown at [./src/hotspot/share/classfile/systemDictionary.cpp, line 231]
Event: 14.289 Thread 0x000002120843a000 Exception <a 'java/lang/ClassNotFoundException'{0x00000000874dcb28}: org/gradle/api/internal/ConventionTaskCustomizer> (0x00000000874dcb28) thrown at [./src/hotspot/share/classfile/systemDictionary.cpp, line 231]
Event: 14.292 Thread 0x000002120843a000 Exception <a 'java/lang/ClassNotFoundException'{0x0000000087315cd8}: org/gradle/api/tasks/DeleteCustomizer> (0x0000000087315cd8) thrown at [./src/hotspot/share/classfile/systemDictionary.cpp, line 231]
Event: 14.295 Thread 0x000002120843a000 Exception <a 'java/lang/ClassNotFoundException'{0x0000000087355e78}: org/gradle/api/tasks/Delete_DecoratedCustomizer> (0x0000000087355e78) thrown at [./src/hotspot/share/classfile/systemDictionary.cpp, line 231]
Event: 14.319 Thread 0x000002120843a000 Exception <a 'java/lang/NoSuchMethodError'{0x000000008726a6a0}: 'long java.lang.invoke.DirectMethodHandle$Holder.invokeVirtual(java.lang.Object, java.lang.Object)'> (0x000000008726a6a0) thrown at [./src/hotspot/share/interpreter/linkResolver.cpp, line 773]
Event: 14.323 Thread 0x0000021207f30000 Exception <a 'java/lang/NoSuchMethodError'{0x0000000089973288}: <clinit>> (0x0000000089973288) thrown at [./src/hotspot/share/prims/jni.cpp, line 1362]
Event: 14.331 Thread 0x0000021207f30000 Exception <a 'java/lang/NoSuchMethodError'{0x0000000087117b40}: <clinit>> (0x0000000087117b40) thrown at [./src/hotspot/share/prims/jni.cpp, line 1362]
Event: 14.331 Thread 0x0000021207f30000 Exception <a 'java/lang/NoSuchMethodError'{0x0000000087118c50}: <clinit>> (0x0000000087118c50) thrown at [./src/hotspot/share/prims/jni.cpp, line 1362]
Event: 14.331 Thread 0x0000021207f30000 Exception <a 'java/lang/NoSuchMethodError'{0x0000000087119f58}: <clinit>> (0x0000000087119f58) thrown at [./src/hotspot/share/prims/jni.cpp, line 1362]
Event: 14.331 Thread 0x0000021207f30000 Exception <a 'java/lang/NoSuchMethodError'{0x000000008711af78}: <clinit>> (0x000000008711af78) thrown at [./src/hotspot/share/prims/jni.cpp, line 1362]
Event: 14.337 Thread 0x0000021207f30000 Exception <a 'java/lang/NoSuchMethodError'{0x000000008712d528}: <clinit>> (0x000000008712d528) thrown at [./src/hotspot/share/prims/jni.cpp, line 1362]
Event: 14.340 Thread 0x0000021207f30000 Exception <a 'java/lang/NoSuchMethodError'{0x0000000087137850}: <clinit>> (0x0000000087137850) thrown at [./src/hotspot/share/prims/jni.cpp, line 1362]
Event: 14.345 Thread 0x0000021207f30000 Exception <a 'java/lang/NoSuchMethodError'{0x000000008714b420}: <clinit>> (0x000000008714b420) thrown at [./src/hotspot/share/prims/jni.cpp, line 1362]
Event: 14.366 Thread 0x000002120843a000 Exception <a 'java/lang/ClassNotFoundException'{0x000000008718e250}: build_dd2r5k5qqpst7w82hi84v843iBeanInfo> (0x000000008718e250) thrown at [./src/hotspot/share/classfile/systemDictionary.cpp, line 231]
Event: 14.367 Thread 0x000002120843a000 Exception <a 'java/lang/ClassNotFoundException'{0x0000000087199208}: build_dd2r5k5qqpst7w82hi84v843iCustomizer> (0x0000000087199208) thrown at [./src/hotspot/share/classfile/systemDictionary.cpp, line 231]
Event: 14.439 Thread 0x000002120843a000 Exception <a 'java/lang/ClassNotFoundException'{0x0000000086f3ff78}: org/gradle/api/internal/plugins/DefaultObjectConfigurationActionBeanInfo> (0x0000000086f3ff78) thrown at [./src/hotspot/share/classfile/systemDictionary.cpp, line 231]
Event: 14.440 Thread 0x000002120843a000 Exception <a 'java/lang/ClassNotFoundException'{0x0000000086f765c8}: org/gradle/api/internal/plugins/DefaultObjectConfigurationActionCustomizer> (0x0000000086f765c8) thrown at [./src/hotspot/share/classfile/systemDictionary.cpp, line 231]

Events (20 events):
Event: 14.481 loading class com/google/common/base/AbstractIterator$State
Event: 14.481 loading class com/google/common/base/AbstractIterator$State done
Event: 14.482 loading class com/google/common/base/AbstractIterator$1
Event: 14.482 loading class com/google/common/base/AbstractIterator$1 done
Event: 14.482 loading class com/android/ide/common/repository/GradleVersion$VersionSegment
Event: 14.482 loading class com/android/ide/common/repository/GradleVersion$VersionSegment done
Event: 14.484 loading class com/google/common/collect/RegularImmutableAsList
Event: 14.484 loading class com/google/common/collect/RegularImmutableAsList done
Event: 14.485 loading class com/google/common/collect/ImmutableAsList
Event: 14.485 loading class com/google/common/collect/ImmutableAsList done
Event: 14.486 loading class com/google/common/collect/RegularImmutableList
Event: 14.486 loading class com/google/common/collect/RegularImmutableList done
Event: 14.487 loading class com/google/common/collect/ImmutableList$SubList
Event: 14.487 loading class com/google/common/collect/ImmutableList$SubList done
Event: 14.488 loading class com/google/common/collect/UnmodifiableIterator
Event: 14.488 loading class com/google/common/collect/UnmodifiableIterator done
Event: 14.489 loading class com/google/common/collect/UnmodifiableListIterator
Event: 14.489 loading class com/google/common/collect/UnmodifiableListIterator done
Event: 14.489 loading class com/google/common/collect/SingletonImmutableList
Event: 14.489 loading class com/google/common/collect/SingletonImmutableList done


Dynamic libraries:
0x00007ff6d6690000 - 0x00007ff6d669a000 	C:\Program Files\Android\Android Studio\jre\bin\java.exe
0x00007fffa2e30000 - 0x00007fffa3024000 	C:\WINDOWS\SYSTEM32\ntdll.dll
0x00007fffa1170000 - 0x00007fffa122d000 	C:\WINDOWS\System32\KERNEL32.DLL
0x00007fffa0940000 - 0x00007fffa0c07000 	C:\WINDOWS\System32\KERNELBASE.dll
0x00007fffa0840000 - 0x00007fffa0940000 	C:\WINDOWS\System32\ucrtbase.dll
0x00007fff9c160000 - 0x00007fff9c177000 	C:\Program Files\Android\Android Studio\jre\bin\VCRUNTIME140.dll
0x00007fff9c140000 - 0x00007fff9c159000 	C:\Program Files\Android\Android Studio\jre\bin\jli.dll
0x00007fffa2520000 - 0x00007fffa26c0000 	C:\WINDOWS\System32\USER32.dll
0x00007fffa0790000 - 0x00007fffa07b2000 	C:\WINDOWS\System32\win32u.dll
0x00007fff93900000 - 0x00007fff93b9a000 	C:\WINDOWS\WinSxS\amd64_microsoft.windows.common-controls_6595b64144ccf1df_6.0.19041.1_none_b555e41d4684ddec\COMCTL32.dll
0x00007fffa1590000 - 0x00007fffa15ba000 	C:\WINDOWS\System32\GDI32.dll
0x00007fffa10d0000 - 0x00007fffa116e000 	C:\WINDOWS\System32\msvcrt.dll
0x00007fffa0680000 - 0x00007fffa078a000 	C:\WINDOWS\System32\gdi32full.dll
0x00007fffa0c10000 - 0x00007fffa0cad000 	C:\WINDOWS\System32\msvcp_win.dll
0x00007fffa21f0000 - 0x00007fffa2220000 	C:\WINDOWS\System32\IMM32.DLL
0x00007fff9b970000 - 0x00007fff9ba0d000 	C:\Program Files\Android\Android Studio\jre\bin\msvcp140.dll
0x00007fff6e830000 - 0x00007fff6f305000 	C:\Program Files\Android\Android Studio\jre\bin\server\jvm.dll
0x00007fffa1020000 - 0x00007fffa10ca000 	C:\WINDOWS\System32\ADVAPI32.dll
0x00007fffa1770000 - 0x00007fffa180b000 	C:\WINDOWS\System32\sechost.dll
0x00007fffa0e90000 - 0x00007fffa0fb3000 	C:\WINDOWS\System32\RPCRT4.dll
0x00007fffa2360000 - 0x00007fffa2368000 	C:\WINDOWS\System32\PSAPI.DLL
0x00007fff8b650000 - 0x00007fff8b659000 	C:\WINDOWS\SYSTEM32\WSOCK32.dll
0x00007fff93be0000 - 0x00007fff93c07000 	C:\WINDOWS\SYSTEM32\WINMM.dll
0x00007fff93c10000 - 0x00007fff93c1a000 	C:\WINDOWS\SYSTEM32\VERSION.dll
0x00007fffa18f0000 - 0x00007fffa195b000 	C:\WINDOWS\System32\WS2_32.dll
0x00007fff9e4c0000 - 0x00007fff9e4d3000 	C:\WINDOWS\SYSTEM32\kernel.appcore.dll
0x00007fff9b580000 - 0x00007fff9b591000 	C:\Program Files\Android\Android Studio\jre\bin\verify.dll
0x00007fff8a770000 - 0x00007fff8a954000 	C:\WINDOWS\SYSTEM32\DBGHELP.DLL
0x00007fff8a670000 - 0x00007fff8a69c000 	C:\WINDOWS\SYSTEM32\dbgcore.DLL
0x00007fffa07c0000 - 0x00007fffa083f000 	C:\WINDOWS\System32\bcryptPrimitives.dll
0x00007fff997d0000 - 0x00007fff997f9000 	C:\Program Files\Android\Android Studio\jre\bin\java.dll
0x00007fff997c0000 - 0x00007fff997cb000 	C:\Program Files\Android\Android Studio\jre\bin\jimage.dll
0x00007fff997a0000 - 0x00007fff997b8000 	C:\Program Files\Android\Android Studio\jre\bin\zip.dll
0x00007fffa1960000 - 0x00007fffa2091000 	C:\WINDOWS\System32\SHELL32.dll
0x00007fff9e6c0000 - 0x00007fff9ee4a000 	C:\WINDOWS\SYSTEM32\windows.storage.dll
0x00007fffa1230000 - 0x00007fffa1584000 	C:\WINDOWS\System32\combase.dll
0x00007fff9ff20000 - 0x00007fff9ff4b000 	C:\WINDOWS\SYSTEM32\Wldp.dll
0x00007fffa2140000 - 0x00007fffa21ee000 	C:\WINDOWS\System32\SHCORE.dll
0x00007fffa20a0000 - 0x00007fffa20f5000 	C:\WINDOWS\System32\shlwapi.dll
0x00007fffa04b0000 - 0x00007fffa04cf000 	C:\WINDOWS\SYSTEM32\profapi.dll
0x00007fff99780000 - 0x00007fff9979a000 	C:\Program Files\Android\Android Studio\jre\bin\net.dll
0x00007fff96920000 - 0x00007fff96a22000 	C:\WINDOWS\SYSTEM32\WINHTTP.dll
0x00007fff9fd10000 - 0x00007fff9fd7a000 	C:\WINDOWS\system32\mswsock.dll
0x00007fff99760000 - 0x00007fff99774000 	C:\Program Files\Android\Android Studio\jre\bin\nio.dll
0x00007fff995d0000 - 0x00007fff995f7000 	C:\Users\Admin\.gradle\native\e1d6ef7f7dcc3fd88c89a11ec53ec762bb8ba0a96d01ffa2cd45eb1d1d8dd5c5\windows-amd64\native-platform.dll
0x00007fff9b820000 - 0x00007fff9b964000 	C:\Users\Admin\.gradle\native\5664cfc778a61ccfe75a443a1ab52a65af34e5dc3c78e0209fed803814484fcb\windows-amd64\native-platform-file-events.dll
0x00007fff99750000 - 0x00007fff9975a000 	C:\Program Files\Android\Android Studio\jre\bin\management.dll
0x00007fff99740000 - 0x00007fff9974d000 	C:\Program Files\Android\Android Studio\jre\bin\management_ext.dll
0x00007fffa00d0000 - 0x00007fffa00e8000 	C:\WINDOWS\SYSTEM32\CRYPTSP.dll
0x00007fff9f650000 - 0x00007fff9f684000 	C:\WINDOWS\system32\rsaenh.dll
0x00007fffa0e60000 - 0x00007fffa0e87000 	C:\WINDOWS\System32\bcrypt.dll
0x00007fffa0470000 - 0x00007fffa049e000 	C:\WINDOWS\SYSTEM32\USERENV.dll
0x00007fff9fe90000 - 0x00007fff9fe9c000 	C:\WINDOWS\SYSTEM32\CRYPTBASE.dll
0x00007fff9f9d0000 - 0x00007fff9fa0b000 	C:\WINDOWS\SYSTEM32\IPHLPAPI.DLL
0x00007fffa2130000 - 0x00007fffa2139000 	C:\WINDOWS\System32\NSI.dll
0x00007fff950e0000 - 0x00007fff950f7000 	C:\WINDOWS\SYSTEM32\dhcpcsvc6.DLL
0x00007fff965c0000 - 0x00007fff965dd000 	C:\WINDOWS\SYSTEM32\dhcpcsvc.DLL
0x00007fff9fa20000 - 0x00007fff9faea000 	C:\WINDOWS\SYSTEM32\DNSAPI.dll

dbghelp: loaded successfully - version: 4.0.5 - missing functions: none
symbol engine: initialized successfully - sym options: 0x614 - pdb path: .;C:\Program Files\Android\Android Studio\jre\bin;C:\WINDOWS\SYSTEM32;C:\WINDOWS\WinSxS\amd64_microsoft.windows.common-controls_6595b64144ccf1df_6.0.19041.1_none_b555e41d4684ddec;C:\Program Files\Android\Android Studio\jre\bin\server;C:\Users\Admin\.gradle\native\e1d6ef7f7dcc3fd88c89a11ec53ec762bb8ba0a96d01ffa2cd45eb1d1d8dd5c5\windows-amd64;C:\Users\Admin\.gradle\native\5664cfc778a61ccfe75a443a1ab52a65af34e5dc3c78e0209fed803814484fcb\windows-amd64

VM Arguments:
jvm_args: --add-opens=java.base/java.util=ALL-UNNAMED --add-opens=java.base/java.lang=ALL-UNNAMED --add-opens=java.base/java.lang.invoke=ALL-UNNAMED --add-opens=java.base/java.util=ALL-UNNAMED --add-opens=java.prefs/java.util.prefs=ALL-UNNAMED --add-opens=java.prefs/java.util.prefs=ALL-UNNAMED --add-opens=java.base/java.nio.charset=ALL-UNNAMED --add-opens=java.base/java.net=ALL-UNNAMED --add-opens=java.base/java.util.concurrent.atomic=ALL-UNNAMED -Xmx2048m -Dfile.encoding=UTF-8 -Duser.country=US -Duser.language=en -Duser.variant 
java_command: org.gradle.launcher.daemon.bootstrap.GradleDaemon 7.2
java_class_path (initial): C:\Users\Admin\.gradle\wrapper\dists\gradle-7.2-bin\2dnblmf4td7x66yl1d74lt32g\gradle-7.2\lib\gradle-launcher-7.2.jar
Launcher Type: SUN_STANDARD

[Global flags]
     intx CICompilerCount                          = 3                                         {product} {ergonomic}
     uint ConcGCThreads                            = 1                                         {product} {ergonomic}
     uint G1ConcRefinementThreads                  = 4                                         {product} {ergonomic}
   size_t G1HeapRegionSize                         = 1048576                                   {product} {ergonomic}
    uintx GCDrainStackTargetSize                   = 64                                        {product} {ergonomic}
   size_t InitialHeapSize                          = 134217728                                 {product} {ergonomic}
   size_t MarkStackSize                            = 4194304                                   {product} {ergonomic}
   size_t MaxHeapSize                              = 2147483648                                {product} {command line}
   size_t MaxNewSize                               = 1287651328                                {product} {ergonomic}
   size_t MinHeapDeltaBytes                        = 1048576                                   {product} {ergonomic}
    uintx NonNMethodCodeHeapSize                   = 5830732                                {pd product} {ergonomic}
    uintx NonProfiledCodeHeapSize                  = 122913754                              {pd product} {ergonomic}
    uintx ProfiledCodeHeapSize                     = 122913754                              {pd product} {ergonomic}
    uintx ReservedCodeCacheSize                    = 251658240                              {pd product} {ergonomic}
     bool SegmentedCodeCache                       = true                                      {product} {ergonomic}
     bool UseCompressedClassPointers               = true                                 {lp64_product} {ergonomic}
     bool UseCompressedOops                        = true                                 {lp64_product} {ergonomic}
     bool UseG1GC                                  = true                                      {product} {ergonomic}
     bool UseLargePagesIndividualAllocation        = false                                  {pd product} {ergonomic}

Logging:
Log output configuration:
 #0: stdout all=warning uptime,level,tags
 #1: stderr all=off uptime,level,tags

Environment Variables:
PATH=C:\Program Files\Common Files\Oracle\Java\javapath;C:\WINDOWS\system32;C:\WINDOWS;C:\WINDOWS\System32\Wbem;C:\WINDOWS\System32\WindowsPowerShell\v1.0\;C:\WINDOWS\System32\OpenSSH\;C:\MinGW\bin;C:\Program Files\Git\cmd;C:\Users\Admin\AppData\Local\Microsoft\WindowsApps;;C:\Program Files\JetBrains\IntelliJ IDEA Community Edition 2021.3.1\bin;;C:\intelFPGA_lite\18.1\modelsim_ase\win32aloem
USERNAME=Admin
OS=Windows_NT
PROCESSOR_IDENTIFIER=Intel64 Family 6 Model 69 Stepping 1, GenuineIntel



---------------  S Y S T E M  ---------------

OS: Windows 10 , 64 bit Build 19041 (10.0.19041.1)
OS uptime: 0 days 0:08 hours
Hyper-V role detected

CPU:total 4 (initial active 4) (2 cores per cpu, 2 threads per core) family 6 model 69 stepping 1 microcode 0x25, cmov, cx8, fxsr, mmx, sse, sse2, sse3, ssse3, sse4.1, sse4.2, popcnt, avx, avx2, aes, clmul, erms, lzcnt, ht, tsc, tscinvbit, bmi1, bmi2, fma

Memory: 4k page, system-wide physical 8090M (3941M free)
TotalPageFile size 12954M (AvailPageFile size 8747M)
current process WorkingSet (physical memory assigned to process): 318M, peak: 318M
current process commit charge ("private bytes"): 366M, peak: 366M

vm_info: OpenJDK 64-Bit Server VM (11.0.11+9-b60-7590822) for windows-amd64 JRE (11.0.11+9-b60-7590822), built on Jul 29 2021 21:43:44 by "builder" with MS VC++ 14.0 (VS2015)

END.
